2019-05-10T23:10:38.789+0530 INFO Info Message Logged !!!
2019-05-10T23:13:32.223+0530 INFO Info Message Logged !!!
2019-05-10T23:13:49.227+0530 INFO Info Message Logged !!!
2019-05-10T23:14:34.133+0530 INFO Info Message Logged !!!
2019-05-10T23:15:55.400+0530 INFO Info Message Logged !!!
2019-05-10T23:16:13.889+0530 INFO Info Message Logged !!!
2019-05-10T23:17:22.736+0530 INFO Info Message Logged !!!
2019-05-10T23:17:55.217+0530 INFO Info Message Logged !!!
2019-05-10T23:20:26.231+0530 INFO Info Message Logged !!!
2019-05-10T23:21:03.387+0530 INFO Info Message Logged !!!
2019-05-10T23:21:16.546+0530 INFO Info Message Logged !!!
2019-05-11T22:25:02.604+0530 INFO Info Message Logged !!!
2019-05-11T22:26:35.690+0530 INFO Info Message Logged !!!
2019-05-11T22:27:01.743+0530 INFO Info Message Logged !!!
2019-05-11T22:27:57.843+0530 INFO Info Message Logged !!!
2019-05-11T22:30:18.362+0530 INFO Info Message Logged !!!
2019-05-26T22:06:21.461+0530 INFO This Will Be Printed On Info
2019-06-08T17:00:14.436+0530 INFO This Will Be Printed On Info
2019-06-08T17:05:24.631+0530 INFO This Will Be Printed On Info
2019-06-08T17:13:40.930+0530 INFO Loginfo inside BeforeEach
2019-06-08T17:13:40.936+0530 INFO This Will Be Printed On Info
2019-06-08T17:20:59.904+0530 INFO Loginfo inside BeforeAll
2019-06-08T17:20:59.922+0530 INFO Loginfo inside BeforeEach
2019-06-08T17:20:59.924+0530 INFO This Will Be Printed On Info
2019-06-08T17:20:59.938+0530 INFO Loginfo inside AfterAll
2019-06-08T18:27:06.255+0530 INFO Loginfo inside BeforeAll
2019-06-08T18:27:06.278+0530 INFO Loginfo inside BeforeEach
2019-06-08T18:27:06.281+0530 INFO Adding user
2019-06-08T18:27:06.313+0530 INFO Loginfo inside BeforeEach
2019-06-08T18:27:06.313+0530 INFO This Will Be Printed On Info
2019-06-08T18:27:06.324+0530 INFO Loginfo inside AfterAll
2019-06-08T18:28:02.591+0530 INFO Loginfo inside BeforeAll
2019-06-08T18:28:02.610+0530 INFO Loginfo inside BeforeEach
2019-06-08T18:28:02.612+0530 INFO Adding user
2019-06-08T18:28:02.636+0530 INFO Loginfo inside BeforeEach
2019-06-08T18:28:02.637+0530 INFO This Will Be Printed On Info
2019-06-08T18:28:02.641+0530 INFO Loginfo inside AfterAll
2019-06-08T18:29:33.436+0530 INFO Loginfo inside BeforeAll
2019-06-08T18:29:33.469+0530 INFO Loginfo inside BeforeEach
2019-06-08T18:29:33.473+0530 INFO Adding user
2019-06-08T18:29:33.503+0530 INFO Loginfo inside AfterAll
2019-06-08T18:33:51.397+0530 INFO Loginfo inside BeforeAll
2019-06-08T18:33:52.153+0530 INFO Loginfo inside BeforeEach
2019-06-08T18:33:52.157+0530 INFO Adding user
2019-06-08T18:33:52.190+0530 INFO Loginfo inside AfterAll
2019-06-08T18:39:46.181+0530 INFO Loginfo inside BeforeAll
2019-06-08T18:39:46.789+0530 INFO Loginfo inside BeforeEach
2019-06-08T18:39:46.794+0530 INFO Adding user
2019-06-08T18:39:46.836+0530 INFO Loginfo inside AfterAll
2019-06-08T18:47:17.375+0530 INFO Loginfo inside BeforeAll
2019-06-08T18:47:18.115+0530 INFO Loginfo inside AfterAll
2019-06-08T18:47:59.340+0530 INFO Loginfo inside BeforeAll
2019-06-08T18:47:59.930+0530 INFO Loginfo inside AfterAll
2019-06-08T18:49:54.388+0530 INFO Loginfo inside BeforeAll
2019-06-08T18:49:54.965+0530 INFO Loginfo inside AfterAll
2019-06-08T18:54:36.625+0530 INFO Loginfo inside BeforeAll
2019-06-08T18:54:37.280+0530 INFO Loginfo inside BeforeEach
2019-06-08T18:54:37.285+0530 INFO Adding user
2019-06-08T18:54:37.287+0530 INFO checking assertEqual
2019-06-08T18:54:37.325+0530 INFO Loginfo inside AfterAll
2019-06-08T18:55:25.277+0530 INFO Loginfo inside BeforeAll
2019-06-08T18:55:25.750+0530 INFO Loginfo inside AfterAll
2019-06-08T18:56:06.646+0530 INFO Loginfo inside BeforeAll
2019-06-08T18:56:07.140+0530 INFO Loginfo inside BeforeEach
2019-06-08T18:56:07.144+0530 INFO Adding user
2019-06-08T18:56:07.145+0530 INFO checking assertEqual
2019-06-08T18:56:07.179+0530 INFO Loginfo inside AfterAll
2019-06-08T18:57:53.714+0530 INFO Loginfo inside BeforeAll
2019-06-08T18:57:54.216+0530 INFO Loginfo inside BeforeEach
2019-06-08T18:57:54.220+0530 INFO Adding user
2019-06-08T18:57:54.221+0530 INFO checking assertEqual
2019-06-08T18:57:54.245+0530 INFO Loginfo inside AfterAll
2019-06-08T19:01:14.837+0530 INFO Loginfo inside BeforeAll
2019-06-08T19:01:15.319+0530 INFO Loginfo inside BeforeEach
2019-06-08T19:01:15.323+0530 INFO Adding user
2019-06-08T19:01:15.324+0530 INFO checking assertEqual
2019-06-08T19:01:15.347+0530 INFO Loginfo inside AfterAll
2019-06-08T19:03:01.760+0530 INFO Loginfo inside BeforeAll
2019-06-08T19:03:02.223+0530 INFO Loginfo inside BeforeEach
2019-06-08T19:03:02.226+0530 INFO Adding user
2019-06-08T19:03:02.227+0530 INFO checking assertEqual
2019-06-08T19:03:02.256+0530 INFO Loginfo inside AfterAll
2019-06-08T19:05:16.828+0530 INFO Loginfo inside BeforeAll
2019-06-08T19:05:17.290+0530 INFO Loginfo inside BeforeEach
2019-06-08T19:05:17.293+0530 INFO Adding user
2019-06-08T19:05:17.294+0530 INFO checking assertEqual
2019-06-08T19:05:17.326+0530 INFO Loginfo inside AfterAll
2019-06-08T19:07:49.986+0530 INFO Loginfo inside BeforeAll
2019-06-08T19:07:50.619+0530 INFO Loginfo inside BeforeEach
2019-06-08T19:07:50.623+0530 INFO Adding user
2019-06-08T19:07:50.624+0530 INFO checking assertEqual
2019-06-08T19:07:50.664+0530 INFO Loginfo inside AfterAll
2019-06-08T19:08:26.627+0530 INFO Info Message Logged !!!
2019-06-08T19:08:40.823+0530 INFO Info Message Logged !!!
2019-06-08T19:08:40.832+0530 INFO Info Message Logged !!!
2019-06-08T19:18:28.926+0530 INFO Loginfo inside BeforeAll
2019-06-08T19:18:29.462+0530 INFO Loginfo inside BeforeEach
2019-06-08T19:18:29.465+0530 INFO Adding user
2019-06-08T19:18:29.466+0530 INFO checking assertEqual
2019-06-08T19:18:29.505+0530 INFO Loginfo inside AfterAll
2019-06-08T19:47:37.299+0530 INFO Loginfo inside BeforeAll
2019-06-08T19:47:46.200+0530 INFO Loginfo inside BeforeEach
2019-06-08T19:47:46.204+0530 INFO Adding user
2019-06-08T19:47:46.205+0530 INFO checking assertEqual
2019-06-08T19:47:46.226+0530 INFO Loginfo inside AfterAll
2019-06-08T19:49:23.712+0530 INFO Loginfo inside BeforeAll
2019-06-08T19:49:30.760+0530 INFO Loginfo inside BeforeEach
2019-06-08T19:49:30.766+0530 INFO Adding user
2019-06-08T19:49:30.767+0530 INFO checking assertEqual
2019-06-08T19:49:30.808+0530 INFO Loginfo inside AfterAll
2019-06-08T19:50:16.264+0530 INFO Loginfo inside BeforeAll
2019-06-08T19:50:21.436+0530 INFO Loginfo inside BeforeEach
2019-06-08T19:50:21.440+0530 INFO Adding user
2019-06-08T19:50:21.441+0530 INFO checking assertEqual
2019-06-08T19:50:21.466+0530 INFO Loginfo inside AfterAll
2019-06-08T19:53:21.327+0530 INFO Loginfo inside BeforeAll
2019-06-08T19:53:26.201+0530 INFO Loginfo inside BeforeEach
2019-06-08T19:53:26.206+0530 INFO Adding user
2019-06-08T19:53:26.207+0530 INFO checking assertEqual
2019-06-08T19:53:26.247+0530 INFO Loginfo inside AfterAll
2019-06-08T19:55:45.486+0530 INFO Loginfo inside BeforeAll
2019-06-08T19:55:49.973+0530 INFO Loginfo inside AfterAll
2019-06-08T19:59:09.690+0530 INFO Loginfo inside BeforeAll
2019-06-08T19:59:14.070+0530 INFO Loginfo inside BeforeEach
2019-06-08T19:59:14.078+0530 INFO Adding user
2019-06-08T19:59:14.079+0530 INFO checking assertEqual
2019-06-08T19:59:14.113+0530 INFO Loginfo inside AfterAll
2019-06-08T20:02:01.672+0530 INFO Loginfo inside BeforeAll
2019-06-08T20:02:06.887+0530 INFO Loginfo inside BeforeEach
2019-06-08T20:02:06.894+0530 INFO Adding user
2019-06-08T20:02:06.896+0530 INFO checking assertEqual
2019-06-08T20:02:06.955+0530 INFO Loginfo inside AfterAll
2019-06-08T20:06:41.686+0530 INFO Loginfo inside BeforeAll
2019-06-08T20:06:46.324+0530 INFO Loginfo inside BeforeEach
2019-06-08T20:06:46.329+0530 INFO Adding user
2019-06-08T20:06:46.330+0530 INFO checking assertEqual
2019-06-08T20:06:46.366+0530 INFO Loginfo inside AfterAll
2019-06-08T20:12:24.056+0530 INFO Loginfo inside BeforeAll
2019-06-08T20:12:29.111+0530 INFO Loginfo inside BeforeEach
2019-06-08T20:12:29.147+0530 INFO Loginfo inside AfterAll
2019-06-08T20:14:31.929+0530 INFO Loginfo inside BeforeAll
2019-06-08T20:14:36.426+0530 INFO Loginfo inside BeforeEach
2019-06-08T20:14:36.430+0530 INFO checking assertEqual
2019-06-08T20:14:36.449+0530 INFO Loginfo inside AfterAll
2019-06-08T20:18:50.791+0530 INFO Loginfo inside BeforeAll
2019-06-08T20:18:55.341+0530 INFO Loginfo inside BeforeEach
2019-06-08T20:18:55.347+0530 INFO checking assertEqual
2019-06-08T20:18:55.384+0530 INFO Loginfo inside AfterAll
2019-06-08T20:19:08.786+0530 INFO Loginfo inside BeforeAll
2019-06-08T20:19:08.805+0530 INFO Loginfo inside BeforeEach
2019-06-08T20:19:08.808+0530 INFO checking assertEqual
2019-06-08T20:19:08.832+0530 INFO Loginfo inside AfterAll
2019-06-08T20:20:17.530+0530 INFO Loginfo inside BeforeAll
2019-06-08T20:20:17.552+0530 INFO Loginfo inside BeforeEach
2019-06-08T20:20:17.555+0530 INFO checking assertEqual
2019-06-08T20:20:17.588+0530 INFO Loginfo inside AfterAll
2019-06-08T23:43:08.209+0530 INFO Loginfo inside BeforeAll
2019-06-08T23:43:13.216+0530 INFO Loginfo inside AfterAll
2019-06-08T23:45:09.605+0530 INFO Loginfo inside BeforeAll
2019-06-08T23:45:09.646+0530 INFO Loginfo inside BeforeEach
2019-06-08T23:45:09.650+0530 INFO checking assertEqual
2019-06-08T23:45:09.712+0530 INFO Loginfo inside AfterAll
2019-06-08T23:46:00.072+0530 INFO Loginfo inside BeforeAll
2019-06-08T23:46:00.214+0530 INFO Loginfo inside BeforeEach
2019-06-08T23:46:00.233+0530 INFO checking assertEqual
2019-06-08T23:47:46.625+0530 INFO Loginfo inside BeforeAll
2019-06-08T23:47:46.710+0530 INFO Loginfo inside BeforeEach
2019-06-08T23:47:46.724+0530 INFO checking assertEqual
2019-06-08T23:50:40.080+0530 INFO Loginfo inside BeforeAll
2019-06-08T23:50:40.188+0530 INFO Loginfo inside BeforeEach
2019-06-08T23:50:40.246+0530 INFO checking assertEqual
2019-06-08T23:51:30.107+0530 INFO Loginfo inside BeforeAll
2019-06-08T23:51:30.174+0530 INFO Loginfo inside BeforeEach
2019-06-08T23:51:30.189+0530 INFO checking assertEqual
2019-06-08T23:52:28.208+0530 INFO Loginfo inside BeforeAll
2019-06-08T23:52:28.293+0530 INFO Loginfo inside BeforeEach
2019-06-08T23:53:21.611+0530 INFO Loginfo inside BeforeAll
2019-06-08T23:53:21.649+0530 INFO Loginfo inside BeforeEach
2019-06-08T23:53:21.655+0530 INFO checking assertEqual
2019-06-08T23:53:22.772+0530 INFO checking
2019-06-08T23:53:22.773+0530 INFO name : Virat
2019-06-08T23:53:22.812+0530 INFO Loginfo inside AfterAll
2019-06-08T23:54:07.980+0530 INFO Loginfo inside BeforeAll
2019-06-08T23:54:08.006+0530 INFO Loginfo inside BeforeEach
2019-06-08T23:54:08.017+0530 INFO checking assertEqual
2019-06-08T23:54:09.142+0530 INFO checking
2019-06-08T23:54:09.144+0530 INFO name : Virat
2019-06-08T23:54:09.213+0530 INFO Loginfo inside AfterAll
2019-06-08T23:55:42.580+0530 INFO Loginfo inside BeforeAll
2019-06-08T23:55:46.334+0530 INFO Loginfo inside BeforeEach
2019-06-08T23:55:46.341+0530 INFO Adding user
2019-06-08T23:55:46.344+0530 INFO checking assertEqual
2019-06-08T23:55:47.570+0530 INFO checking
2019-06-08T23:55:47.571+0530 INFO name : Virat
2019-06-08T23:55:47.627+0530 INFO Loginfo inside AfterAll
2019-06-09T00:03:43.468+0530 INFO Loginfo inside BeforeAll
2019-06-09T00:03:43.536+0530 INFO Loginfo inside BeforeEach
2019-06-09T00:03:43.545+0530 INFO This Will Be Printed On Info
2019-06-09T00:03:43.913+0530 INFO Loginfo inside AfterAll
2019-06-09T00:04:39.796+0530 INFO Loginfo inside BeforeAll
2019-06-09T00:04:39.890+0530 INFO Loginfo inside BeforeEach
2019-06-09T00:04:39.900+0530 INFO This Will Be Printed On Info
2019-06-09T00:04:40.028+0530 INFO Loginfo inside AfterAll
2019-06-09T00:05:41.826+0530 INFO Loginfo inside BeforeAll
2019-06-09T00:05:41.865+0530 INFO Loginfo inside BeforeEach
2019-06-09T00:05:41.870+0530 INFO This Will Be Printed On Info
2019-06-09T00:05:42.052+0530 INFO Loginfo inside AfterAll
2019-06-09T00:06:43.380+0530 INFO Loginfo inside BeforeAll
2019-06-09T00:06:44.271+0530 INFO Loginfo inside BeforeEach
2019-06-09T00:08:26.405+0530 INFO Loginfo inside BeforeAll
2019-06-09T00:08:26.474+0530 INFO Loginfo inside BeforeEach
2019-06-09T00:08:26.506+0530 INFO This Will Be Printed On Info
2019-06-09T00:08:26.507+0530 INFO Getting user
2019-06-09T00:08:26.624+0530 INFO Loginfo inside AfterAll
2019-06-09T00:08:58.362+0530 INFO Loginfo inside BeforeAll
2019-06-09T00:08:58.408+0530 INFO Loginfo inside BeforeEach
2019-06-09T00:11:51.134+0530 INFO Loginfo inside BeforeAll
2019-06-09T00:11:54.661+0530 INFO Loginfo inside BeforeEach
2019-06-09T00:11:54.670+0530 INFO This Will Be Printed On Info
2019-06-09T00:11:54.671+0530 INFO Getting user
2019-06-09T00:11:54.799+0530 INFO Loginfo inside AfterAll
2019-06-09T00:12:06.030+0530 INFO Loginfo inside BeforeAll
2019-06-09T00:12:13.673+0530 INFO Loginfo inside BeforeEach
2019-06-09T00:12:13.688+0530 INFO This Will Be Printed On Info
2019-06-09T00:12:13.697+0530 INFO Getting user
2019-06-09T00:13:38.228+0530 INFO Loginfo inside BeforeAll
2019-06-09T00:13:47.026+0530 INFO Loginfo inside BeforeEach
2019-06-09T00:13:47.036+0530 INFO This Will Be Printed On Info
2019-06-09T00:13:47.040+0530 INFO Getting user
2019-06-09T00:19:36.092+0530 INFO Loginfo inside BeforeAll
2019-06-09T00:19:42.591+0530 INFO Loginfo inside BeforeEach
2019-06-09T00:19:42.613+0530 INFO This Will Be Printed On Info
2019-06-09T00:19:42.619+0530 INFO Getting user
2019-06-09T00:19:45.559+0530 INFO vk@gmail.com
2019-06-09T00:19:45.620+0530 INFO Loginfo inside AfterAll
2019-06-09T00:20:40.982+0530 INFO Loginfo inside BeforeAll
2019-06-09T00:20:46.791+0530 INFO Loginfo inside BeforeEach
2019-06-09T00:20:46.901+0530 INFO This Will Be Printed On Info
2019-06-09T00:20:46.902+0530 INFO Getting user
2019-06-09T00:20:48.305+0530 INFO vk@gmail.com
2019-06-09T00:20:48.355+0530 INFO Loginfo inside AfterAll
2019-06-09T00:21:51.979+0530 INFO Loginfo inside BeforeAll
2019-06-09T00:21:58.385+0530 INFO Loginfo inside BeforeEach
2019-06-09T00:21:58.395+0530 INFO Adding user
2019-06-09T00:21:58.396+0530 INFO checking assertEqual
2019-06-09T00:21:58.409+0530 INFO checking
2019-06-09T00:21:58.427+0530 INFO name : Gulshan
2019-06-09T00:21:58.743+0530 INFO Loginfo inside AfterAll
2019-06-09T00:27:35.595+0530 INFO Loginfo inside BeforeAll
2019-06-09T00:27:39.133+0530 INFO Loginfo inside BeforeEach
2019-06-09T00:27:39.143+0530 INFO Adding user
2019-06-09T00:27:39.144+0530 INFO Adding User
2019-06-09T00:27:39.438+0530 INFO Loginfo inside AfterAll
2019-06-09T00:31:08.471+0530 INFO Loginfo inside BeforeAll
2019-06-09T00:31:15.000+0530 INFO Loginfo inside BeforeEach
2019-06-09T00:31:50.196+0530 INFO Loginfo inside BeforeAll
2019-06-09T00:31:57.481+0530 INFO Loginfo inside BeforeEach
2019-06-09T00:31:57.488+0530 INFO Adding user
2019-06-09T00:33:20.969+0530 INFO Loginfo inside BeforeAll
2019-06-09T00:33:31.553+0530 INFO Loginfo inside BeforeEach
2019-06-09T00:33:31.561+0530 INFO Adding user
2019-06-09T00:34:12.551+0530 INFO Loginfo inside BeforeAll
2019-06-09T00:34:20.576+0530 INFO Loginfo inside BeforeEach
2019-06-09T00:34:20.585+0530 INFO Adding user
2019-06-09T13:30:31.399+0530 INFO Called in afterall
2019-06-09T13:40:00.925+0530 INFO Called in afterall
2019-06-09T13:42:38.880+0530 INFO Inside test and getting product
2019-06-09T13:42:38.909+0530 INFO Called in afterall
2019-06-09T13:43:49.980+0530 INFO Inside test and getting product
2019-06-09T13:43:49.983+0530 INFO Inside get method of ProductDaoImpl
2019-06-09T13:43:51.648+0530 INFO Test completed
2019-06-09T13:43:51.692+0530 INFO Called in afterall
2019-06-09T13:47:16.413+0530 INFO Inside test and getting product
2019-06-09T13:47:16.415+0530 INFO Inside get method of ProductDaoImpl
2019-06-09T13:47:17.552+0530 INFO Test completed
2019-06-09T13:47:17.573+0530 INFO Called in afterall
2019-06-09T13:58:48.110+0530 INFO Inside test and getting product
2019-06-09T13:58:48.112+0530 INFO Inside get method of ProductDaoImpl
2019-06-09T13:58:49.030+0530 INFO Test completed
2019-06-09T13:58:49.036+0530 INFO Called in afterall
2019-06-09T14:23:44.923+0530 INFO inside list method
2019-06-09T14:23:46.079+0530 INFO Inside test and getting product
2019-06-09T14:23:46.084+0530 INFO Inside get method of ProductDaoImpl
2019-06-09T14:23:46.165+0530 INFO Test completed
2019-06-09T14:23:46.172+0530 INFO Called in afterall
2019-06-09T14:43:59.233+0530 INFO inside list method
2019-06-09T14:44:00.379+0530 INFO Inside test and getting product
2019-06-09T14:44:00.380+0530 INFO Inside get method of ProductDaoImpl
2019-06-09T14:44:00.443+0530 INFO Test completed
2019-06-09T14:44:00.654+0530 INFO Called in afterall
2019-06-09T14:45:08.993+0530 INFO inside list method
2019-06-09T14:45:10.045+0530 INFO Inside test and getting product
2019-06-09T14:45:10.046+0530 INFO Inside get method of ProductDaoImpl
2019-06-09T14:45:10.095+0530 INFO Test completed
2019-06-09T14:45:10.150+0530 INFO Called in afterall
2019-06-09T14:49:57.286+0530 INFO Called in afterall
2019-06-09T15:21:06.484+0530 INFO Inside get method of ProductDaoImpl
2019-06-09T15:21:07.606+0530 INFO Inside get method of ProductDaoImpl
2019-06-09T15:21:07.678+0530 INFO Called in afterall
2019-06-09T15:28:35.260+0530 INFO Inside get method of ProductDaoImpl
2019-06-09T15:28:36.223+0530 INFO Inside get method of ProductDaoImpl
2019-06-09T15:28:36.288+0530 INFO Called in afterall
2019-06-09T15:31:01.854+0530 INFO Inside get method of ProductDaoImpl
2019-06-09T15:31:02.850+0530 INFO Samsung s7
2019-06-09T15:31:02.885+0530 INFO Inside get method of ProductDaoImpl
2019-06-09T15:31:02.943+0530 INFO Called in afterall
2019-06-09T15:31:39.791+0530 INFO Inside get method of ProductDaoImpl
2019-06-09T15:31:40.691+0530 INFO Samsung s7
2019-06-09T15:31:40.692+0530 INFO Samsung Galaxy s7
2019-06-09T15:31:40.734+0530 INFO Inside get method of ProductDaoImpl
2019-06-09T15:31:40.807+0530 INFO Called in afterall
2019-06-09T15:40:46.132+0530 INFO Inside get method of ProductDaoImpl
2019-06-09T15:40:47.214+0530 INFO Samsung s7
2019-06-09T15:40:47.215+0530 INFO Samsung Galaxy s7
2019-06-09T15:40:47.326+0530 INFO Inside get method of ProductDaoImpl
2019-06-09T15:40:47.519+0530 INFO Called in afterall
2019-06-09T15:48:06.250+0530 INFO Inside get method of ProductDaoImpl
2019-06-09T15:48:07.216+0530 INFO Samsung s7
2019-06-09T15:48:07.264+0530 INFO Inside get method of ProductDaoImpl
2019-06-09T15:48:07.312+0530 INFO Called in afterall
2019-06-09T15:48:32.548+0530 INFO Inside get method of ProductDaoImpl
2019-06-09T15:48:33.516+0530 INFO Samsung s7
2019-06-09T15:48:33.559+0530 INFO Inside get method of ProductDaoImpl
2019-06-09T15:48:33.610+0530 INFO Called in afterall
2019-06-09T15:49:35.170+0530 INFO Inside get method of ProductDaoImpl
2019-06-09T15:49:36.292+0530 INFO Samsung s7
2019-06-09T15:49:36.318+0530 INFO Inside get method of ProductDaoImpl
2019-06-09T15:49:36.404+0530 INFO Called in afterall
2019-06-09T16:05:03.158+0530 INFO Inside get method of ProductDaoImpl
2019-06-09T16:05:04.374+0530 INFO Samsung s7
2019-06-09T16:05:04.405+0530 INFO Inside get method of ProductDaoImpl
2019-06-09T16:05:04.489+0530 INFO Called in afterall
2019-06-09T16:08:05.144+0530 INFO Inside get method of ProductDaoImpl
2019-06-09T16:08:06.101+0530 INFO Samsung s7
2019-06-09T16:08:06.130+0530 INFO Inside get method of ProductDaoImpl
2019-06-09T16:08:06.186+0530 INFO Called in afterall
2019-06-09T16:10:10.162+0530 INFO Inside get method of ProductDaoImpl
2019-06-09T16:10:11.064+0530 INFO Samsung s7
2019-06-09T16:10:11.176+0530 INFO Inside get method of ProductDaoImpl
2019-06-09T16:10:11.239+0530 INFO Called in afterall
2019-06-09T16:11:21.093+0530 INFO Inside get method of ProductDaoImpl
2019-06-09T16:11:21.977+0530 INFO Samsung s7
2019-06-09T16:11:22.078+0530 INFO Inside get method of ProductDaoImpl
2019-06-09T16:11:22.131+0530 INFO Called in afterall
2019-06-09T16:15:43.492+0530 INFO Inside get method of ProductDaoImpl
2019-06-09T16:15:44.413+0530 INFO Samsung s7
2019-06-09T16:15:44.581+0530 INFO Inside get method of ProductDaoImpl
2019-06-09T16:15:44.630+0530 INFO Called in afterall
2019-06-09T16:16:36.095+0530 INFO Inside get method of ProductDaoImpl
2019-06-09T16:16:37.018+0530 INFO Samsung s7
2019-06-09T16:16:37.185+0530 INFO Inside get method of ProductDaoImpl
2019-06-09T16:16:37.226+0530 INFO Called in afterall
2019-06-09T16:28:02.047+0530 INFO Inside get method of ProductDaoImpl
2019-06-09T16:28:03.640+0530 INFO Called in afterall
2019-06-09T16:28:50.742+0530 INFO Inside get method of ProductDaoImpl
2019-06-09T16:28:52.115+0530 INFO Called in afterall
2019-06-09T16:29:33.678+0530 INFO Inside get method of ProductDaoImpl
2019-06-09T16:29:34.760+0530 INFO Called in afterall
2019-06-09T16:29:50.530+0530 INFO Inside get method of ProductDaoImpl
2019-06-09T16:29:51.798+0530 INFO Called in afterall
2019-06-12T12:02:17.786+0530 INFO Called in afterall
2019-06-12T12:03:14.678+0530 INFO Called in afterall
2019-06-12T12:04:49.592+0530 INFO Called in afterall
2019-06-13T11:08:29.238+0530 INFO Called in afterall
2019-06-13T11:17:20.515+0530 INFO Called in afterall
2019-06-13T12:48:59.309+0530 INFO categorydao object intantiated in before all
2019-06-13T12:48:59.379+0530 INFO before each method setup done
2019-06-13T12:49:00.772+0530 INFO After each method destroy called
2019-06-13T12:49:01.256+0530 INFO categorydao object destroyed
2019-06-13T12:51:46.116+0530 INFO categorydao object intantiated in before all
2019-06-13T12:51:46.158+0530 INFO before each method setup done
2019-06-13T12:51:46.174+0530 INFO After each method destroy called
2019-06-13T12:51:46.205+0530 INFO categorydao object destroyed
2019-06-13T12:52:10.829+0530 INFO categorydao object intantiated in before all
2019-06-13T12:52:10.925+0530 INFO before each method setup done
2019-06-13T12:52:12.361+0530 INFO After each method destroy called
2019-06-13T12:52:12.377+0530 INFO categorydao object destroyed
2019-06-13T12:53:06.541+0530 INFO categorydao object intantiated in before all
2019-06-13T12:53:06.573+0530 INFO before each method setup done
2019-06-13T12:53:07.962+0530 INFO After each method destroy called
2019-06-13T12:53:08.009+0530 INFO categorydao object destroyed
2019-06-13T13:11:05.080+0530 INFO categorydao object intantiated in before all
2019-06-13T13:11:05.156+0530 INFO before each method setup done
2019-06-13T13:11:06.605+0530 INFO After each method destroy called
2019-06-13T13:11:06.636+0530 INFO categorydao object destroyed
2019-06-13T17:10:00.317+0530 INFO categorydao object intantiated in before all
2019-06-13T17:10:00.360+0530 INFO before each method setup done
2019-06-13T17:10:01.079+0530 INFO After each method destroy called
2019-06-13T17:10:01.110+0530 INFO categorydao object destroyed
2019-06-13T17:11:00.068+0530 INFO categorydao object intantiated in before all
2019-06-13T17:11:00.116+0530 INFO before each method setup done
2019-06-13T17:11:00.663+0530 INFO After each method destroy called
2019-06-13T17:11:00.694+0530 INFO categorydao object destroyed
2019-06-13T17:14:59.016+0530 INFO categorydao object intantiated in before all
2019-06-13T17:14:59.063+0530 INFO before each method setup done
2019-06-13T17:14:59.563+0530 INFO After each method destroy called
2019-06-13T17:14:59.594+0530 INFO categorydao object destroyed
2019-06-13T17:16:29.470+0530 INFO categorydao object intantiated in before all
2019-06-13T17:16:29.513+0530 INFO before each method setup done
2019-06-13T17:16:29.966+0530 INFO After each method destroy called
2019-06-13T17:16:29.981+0530 INFO categorydao object destroyed
2019-06-13T17:19:35.089+0530 INFO categorydao object intantiated in before all
2019-06-13T17:19:35.117+0530 INFO before each method setup done
2019-06-13T17:19:35.617+0530 INFO After each method destroy called
2019-06-13T17:19:35.648+0530 INFO categorydao object destroyed
2019-06-13T17:20:42.188+0530 INFO categorydao object intantiated in before all
2019-06-13T17:20:42.237+0530 INFO before each method setup done
2019-06-13T17:20:42.268+0530 INFO After each method destroy called
2019-06-13T17:20:42.393+0530 INFO categorydao object destroyed
2019-06-13T17:21:07.285+0530 INFO categorydao object intantiated in before all
2019-06-13T17:21:07.318+0530 INFO before each method setup done
2019-06-13T17:21:07.349+0530 INFO After each method destroy called
2019-06-13T17:21:07.427+0530 INFO categorydao object destroyed
2019-06-13T17:22:05.606+0530 INFO categorydao object intantiated in before all
2019-06-13T17:22:05.630+0530 INFO before each method setup done
2019-06-13T17:22:06.224+0530 INFO After each method destroy called
2019-06-13T17:22:06.271+0530 INFO categorydao object destroyed
